<?xml version="1.0" encoding="UTF-8"?>
<testsuite name="(empty)"
	tests="1"
	failures="0"
	disabled="0"
	skipped="0"
	hostname=""
	time="0"
	timestamp="2025-01-01T19:13:44"
	>
	<testcase name="utility_tests" classname="utility_tests" time="0.0098043" status="run">
		<properties/>
		<system-out>Running main() from C:\Users\semas\OneDrive\Desktop\Z_\cen429_sema_sahin_elif_ak_cpp\src\tests\googletest\googletest\src\gtest_main.cc
[==========] Running 0 tests from 0 test suites.
[==========] 0 tests from 0 test suites ran. (0 ms total)
[  PASSED  ] 0 tests.
</system-out>
	</testcase>
</testsuite>
