SF:C:\Users\semas\OneDrive\Desktop\Z_\cen429_sema_sahin_elif_ak_cpp\src\utility\header\mathUtility.h
DA:30,1
DA:42,1
DA:56,1
DA:69,1
DA:18,1
DA:12,0
DA:13,0
DA:1,1
end_of_record
SF:C:\Users\semas\OneDrive\Desktop\Z_\cen429_sema_sahin_elif_ak_cpp\README.md
DA:1,0
end_of_record
SF:C:\Users\semas\OneDrive\Desktop\Z_\cen429_sema_sahin_elif_ak_cpp\src\utility\header\commonTypes.h
DA:1,1
end_of_record
SF:C:\Users\semas\OneDrive\Desktop\Z_\cen429_sema_sahin_elif_ak_cpp\src\utility\src\mathUtility.cpp
DA:1,1
end_of_record
